The system is: CYGWIN - 3.6.1-1.x86_64 - x86_64
Compiling the CXX compiler identification source file "CMakeCXXCompilerId.cpp" succeeded.
Compiler: /usr/bin/c++.exe 
Build flags: 
Id flags:  

The output was:
0


Compilation of the CXX compiler identification source "CMakeCXXCompilerId.cpp" produced "a.exe"

The CXX compiler identification is GNU, found in "/cygdrive/c/Users/benja/OneDrive/Bureau/UchicagoMSFM/advanced_computing/AdvancedComputingProject/Phase5-HFT-order-book/order_book/build/CMakeFiles/3.23.2/CompilerIdCXX/a.exe"

Detecting CXX compiler ABI info compiled with the following output:
Change Dir: /cygdrive/c/Users/benja/OneDrive/Bureau/UchicagoMSFM/advanced_computing/AdvancedComputingProject/Phase5-HFT-order-book/order_book/build/CMakeFiles/CMakeTmp

Run Build Command(s):/usr/bin/make.exe -f Makefile cmTC_ef179/fast && /usr/bin/make  -f CMakeFiles/cmTC_ef179.dir/build.make CMakeFiles/cmTC_ef179.dir/build
make[1]: Entering directory '/cygdrive/c/Users/benja/OneDrive/Bureau/UchicagoMSFM/advanced_computing/AdvancedComputingProject/Phase5-HFT-order-book/order_book/build/CMakeFiles/CMakeTmp'
Building CXX object CMakeFiles/cmTC_ef179.dir/CMakeCXXCompilerABI.cpp.o
/usr/bin/c++.exe   -v -o CMakeFiles/cmTC_ef179.dir/CMakeCXXCompilerABI.cpp.o -c /usr/share/cmake-3.23.2/Modules/CMakeCXXCompilerABI.cpp
Using built-in specs.
COLLECT_GCC=/usr/bin/c++
Target: x86_64-pc-cygwin
Configured with: /mnt/share/cygpkgs/gcc/gcc.x86_64/src/gcc-12.4.0/configure --srcdir=/mnt/share/cygpkgs/gcc/gcc.x86_64/src/gcc-12.4.0 --prefix=/usr --exec-prefix=/usr --localstatedir=/var --sysconfdir=/etc --docdir=/usr/share/doc/gcc --htmldir=/usr/share/doc/gcc/html -C --build=x86_64-pc-cygwin --host=x86_64-pc-cygwin --target=x86_64-pc-cygwin --without-libiconv-prefix --without-libintl-prefix --libexecdir=/usr/lib --with-gcc-major-version-only --enable-shared --enable-shared-libgcc --enable-static --enable-version-specific-runtime-libs --enable-bootstrap --enable-__cxa_atexit --enable-clocale=newlib --with-dwarf2 --with-tune=generic --enable-languages=ada,c,c++,fortran,lto,objc,obj-c++,jit --enable-graphite --enable-threads=posix --enable-libatomic --enable-libgomp --enable-libquadmath --enable-libquadmath-support --disable-libssp --enable-libada --disable-symvers --disable-multilib --with-gnu-ld --with-gnu-as --with-cloog-include=/usr/include/cloog-isl --without-libiconv-prefix --without-libintl-prefix --with-system-zlib --enable-linker-build-id --with-default-libstdcxx-abi=gcc4-compatible --enable-libstdcxx-filesystem-ts
Thread model: posix
Supported LTO compression algorithms: zlib zstd
gcc version 12.4.0 (GCC) 
COLLECT_GCC_OPTIONS='-v' '-o' 'CMakeFiles/cmTC_ef179.dir/CMakeCXXCompilerABI.cpp.o' '-c' '-shared-libgcc' '-mtune=generic' '-march=x86-64' '-dumpdir' 'CMakeFiles/cmTC_ef179.dir/'
 /usr/lib/gcc/x86_64-pc-cygwin/12/cc1plus.exe -quiet -v -idirafter /usr/lib/gcc/x86_64-pc-cygwin/12/../../../../lib/../include/w32api -idirafter /usr/lib/gcc/x86_64-pc-cygwin/12/../../../../x86_64-pc-cygwin/lib/../lib/../../include/w32api /usr/share/cmake-3.23.2/Modules/CMakeCXXCompilerABI.cpp -quiet -dumpdir CMakeFiles/cmTC_ef179.dir/ -dumpbase CMakeCXXCompilerABI.cpp.cpp -dumpbase-ext .cpp -mtune=generic -march=x86-64 -version -o /tmp/ccqXdEu6.s
GNU C++17 (GCC) version 12.4.0 (x86_64-pc-cygwin)
	compiled by GNU C version 12.4.0, GMP version 6.3.0, MPFR version 4.2.1, MPC version 1.3.1, isl version isl-0.27-GMP

warning: MPFR header version 4.2.1 differs from library version 4.2.2.
GGC heuristics: --param ggc-min-expand=100 --param ggc-min-heapsize=131072
ignoring nonexistent directory "/usr/local/include"
ignoring nonexistent directory "/usr/lib/gcc/x86_64-pc-cygwin/12/include-fixed"
ignoring nonexistent directory "/usr/lib/gcc/x86_64-pc-cygwin/12/../../../../x86_64-pc-cygwin/include"
ignoring duplicate directory "/usr/lib/gcc/x86_64-pc-cygwin/12/../../../../x86_64-pc-cygwin/lib/../lib/../../include/w32api"
#include "..." search starts here:
#include <...> search starts here:
 /usr/lib/gcc/x86_64-pc-cygwin/12/include/c++
 /usr/lib/gcc/x86_64-pc-cygwin/12/include/c++/x86_64-pc-cygwin
 /usr/lib/gcc/x86_64-pc-cygwin/12/include/c++/backward
 /usr/lib/gcc/x86_64-pc-cygwin/12/include
 /usr/include
 /usr/lib/gcc/x86_64-pc-cygwin/12/../../../../lib/../include/w32api
End of search list.
GNU C++17 (GCC) version 12.4.0 (x86_64-pc-cygwin)
	compiled by GNU C version 12.4.0, GMP version 6.3.0, MPFR version 4.2.1, MPC version 1.3.1, isl version isl-0.27-GMP

warning: MPFR header version 4.2.1 differs from library version 4.2.2.
GGC heuristics: --param ggc-min-expand=100 --param ggc-min-heapsize=131072
Compiler executable checksum: 9ecc0194ba11543c2f7c060e39f2627b
COLLECT_GCC_OPTIONS='-v' '-o' 'CMakeFiles/cmTC_ef179.dir/CMakeCXXCompilerABI.cpp.o' '-c' '-shared-libgcc' '-mtune=generic' '-march=x86-64' '-dumpdir' 'CMakeFiles/cmTC_ef179.dir/'
 /usr/lib/gcc/x86_64-pc-cygwin/12/../../../../x86_64-pc-cygwin/bin/as.exe -v -o CMakeFiles/cmTC_ef179.dir/CMakeCXXCompilerABI.cpp.o /tmp/ccqXdEu6.s
GNU assembler version 2.44 (x86_64-pc-cygwin) using BFD version (GNU Binutils) 2.44
COMPILER_PATH=/usr/lib/gcc/x86_64-pc-cygwin/12/:/usr/lib/gcc/x86_64-pc-cygwin/12/:/usr/lib/gcc/x86_64-pc-cygwin/:/usr/lib/gcc/x86_64-pc-cygwin/12/:/usr/lib/gcc/x86_64-pc-cygwin/:/usr/lib/gcc/x86_64-pc-cygwin/12/../../../../x86_64-pc-cygwin/bin/
LIBRARY_PATH=/usr/lib/gcc/x86_64-pc-cygwin/12/:/usr/lib/gcc/x86_64-pc-cygwin/12/../../../../x86_64-pc-cygwin/lib/../lib/:/usr/lib/gcc/x86_64-pc-cygwin/12/../../../../lib/:/lib/../lib/:/usr/lib/../lib/:/usr/lib/gcc/x86_64-pc-cygwin/12/../../../../x86_64-pc-cygwin/lib/:/usr/lib/gcc/x86_64-pc-cygwin/12/../../../:/lib/:/usr/lib/
COLLECT_GCC_OPTIONS='-v' '-o' 'CMakeFiles/cmTC_ef179.dir/CMakeCXXCompilerABI.cpp.o' '-c' '-shared-libgcc' '-mtune=generic' '-march=x86-64' '-dumpdir' 'CMakeFiles/cmTC_ef179.dir/CMakeCXXCompilerABI.cpp.'
Linking CXX executable cmTC_ef179.exe
/usr/bin/cmake.exe -E cmake_link_script CMakeFiles/cmTC_ef179.dir/link.txt --verbose=1
/usr/bin/c++.exe -Wl,--enable-auto-import -v CMakeFiles/cmTC_ef179.dir/CMakeCXXCompilerABI.cpp.o -o cmTC_ef179.exe -Wl,--out-implib,libcmTC_ef179.dll.a -Wl,--major-image-version,0,--minor-image-version,0 
Using built-in specs.
COLLECT_GCC=/usr/bin/c++
COLLECT_LTO_WRAPPER=/usr/lib/gcc/x86_64-pc-cygwin/12/lto-wrapper.exe
Target: x86_64-pc-cygwin
Configured with: /mnt/share/cygpkgs/gcc/gcc.x86_64/src/gcc-12.4.0/configure --srcdir=/mnt/share/cygpkgs/gcc/gcc.x86_64/src/gcc-12.4.0 --prefix=/usr --exec-prefix=/usr --localstatedir=/var --sysconfdir=/etc --docdir=/usr/share/doc/gcc --htmldir=/usr/share/doc/gcc/html -C --build=x86_64-pc-cygwin --host=x86_64-pc-cygwin --target=x86_64-pc-cygwin --without-libiconv-prefix --without-libintl-prefix --libexecdir=/usr/lib --with-gcc-major-version-only --enable-shared --enable-shared-libgcc --enable-static --enable-version-specific-runtime-libs --enable-bootstrap --enable-__cxa_atexit --enable-clocale=newlib --with-dwarf2 --with-tune=generic --enable-languages=ada,c,c++,fortran,lto,objc,obj-c++,jit --enable-graphite --enable-threads=posix --enable-libatomic --enable-libgomp --enable-libquadmath --enable-libquadmath-support --disable-libssp --enable-libada --disable-symvers --disable-multilib --with-gnu-ld --with-gnu-as --with-cloog-include=/usr/include/cloog-isl --without-libiconv-prefix --without-libintl-prefix --with-system-zlib --enable-linker-build-id --with-default-libstdcxx-abi=gcc4-compatible --enable-libstdcxx-filesystem-ts
Thread model: posix
Supported LTO compression algorithms: zlib zstd
gcc version 12.4.0 (GCC) 
COMPILER_PATH=/usr/lib/gcc/x86_64-pc-cygwin/12/:/usr/lib/gcc/x86_64-pc-cygwin/12/:/usr/lib/gcc/x86_64-pc-cygwin/:/usr/lib/gcc/x86_64-pc-cygwin/12/:/usr/lib/gcc/x86_64-pc-cygwin/:/usr/lib/gcc/x86_64-pc-cygwin/12/../../../../x86_64-pc-cygwin/bin/
LIBRARY_PATH=/usr/lib/gcc/x86_64-pc-cygwin/12/:/usr/lib/gcc/x86_64-pc-cygwin/12/../../../../x86_64-pc-cygwin/lib/../lib/:/usr/lib/gcc/x86_64-pc-cygwin/12/../../../../lib/:/lib/../lib/:/usr/lib/../lib/:/usr/lib/gcc/x86_64-pc-cygwin/12/../../../../x86_64-pc-cygwin/lib/:/usr/lib/gcc/x86_64-pc-cygwin/12/../../../:/lib/:/usr/lib/
COLLECT_GCC_OPTIONS='-v' '-o' 'cmTC_ef179.exe' '-shared-libgcc' '-mtune=generic' '-march=x86-64' '-dumpdir' 'cmTC_ef179.'
 /usr/lib/gcc/x86_64-pc-cygwin/12/collect2.exe -plugin /usr/lib/gcc/x86_64-pc-cygwin/12/cyglto_plugin.dll -plugin-opt=/usr/lib/gcc/x86_64-pc-cygwin/12/lto-wrapper.exe -plugin-opt=-fresolution=/tmp/cctWroy8.res -plugin-opt=-pass-through=-lgcc_s -plugin-opt=-pass-through=-lgcc -plugin-opt=-pass-through=-lcygwin -plugin-opt=-pass-through=-ladvapi32 -plugin-opt=-pass-through=-lshell32 -plugin-opt=-pass-through=-luser32 -plugin-opt=-pass-through=-lkernel32 -plugin-opt=-pass-through=-lgcc_s -plugin-opt=-pass-through=-lgcc --build-id -m i386pep --wrap _Znwm --wrap _Znam --wrap _ZdlPv --wrap _ZdaPv --wrap _ZnwmRKSt9nothrow_t --wrap _ZnamRKSt9nothrow_t --wrap _ZdlPvRKSt9nothrow_t --wrap _ZdaPvRKSt9nothrow_t -Bdynamic --dll-search-prefix=cyg --tsaware -o cmTC_ef179.exe /usr/lib/gcc/x86_64-pc-cygwin/12/../../../../lib/crt0.o /usr/lib/gcc/x86_64-pc-cygwin/12/crtbegin.o -L/usr/lib/gcc/x86_64-pc-cygwin/12 -L/usr/lib/gcc/x86_64-pc-cygwin/12/../../../../x86_64-pc-cygwin/lib/../lib -L/usr/lib/gcc/x86_64-pc-cygwin/12/../../../../lib -L/lib/../lib -L/usr/lib/../lib -L/usr/lib/gcc/x86_64-pc-cygwin/12/../../../../x86_64-pc-cygwin/lib -L/usr/lib/gcc/x86_64-pc-cygwin/12/../../.. --enable-auto-import CMakeFiles/cmTC_ef179.dir/CMakeCXXCompilerABI.cpp.o --out-implib libcmTC_ef179.dll.a --major-image-version 0 --minor-image-version 0 -lstdc++ -lgcc_s -lgcc -lcygwin -ladvapi32 -lshell32 -luser32 -lkernel32 -lgcc_s -lgcc /usr/lib/gcc/x86_64-pc-cygwin/12/../../../../lib/default-manifest.o /usr/lib/gcc/x86_64-pc-cygwin/12/crtend.o
COLLECT_GCC_OPTIONS='-v' '-o' 'cmTC_ef179.exe' '-shared-libgcc' '-mtune=generic' '-march=x86-64' '-dumpdir' 'cmTC_ef179.'
make[1]: Leaving directory '/cygdrive/c/Users/benja/OneDrive/Bureau/UchicagoMSFM/advanced_computing/AdvancedComputingProject/Phase5-HFT-order-book/order_book/build/CMakeFiles/CMakeTmp'



Parsed CXX implicit include dir info from above output: rv=done
  found start of include info
  found start of implicit include info
    add: [/usr/lib/gcc/x86_64-pc-cygwin/12/include/c++]
    add: [/usr/lib/gcc/x86_64-pc-cygwin/12/include/c++/x86_64-pc-cygwin]
    add: [/usr/lib/gcc/x86_64-pc-cygwin/12/include/c++/backward]
    add: [/usr/lib/gcc/x86_64-pc-cygwin/12/include]
    add: [/usr/include]
    add: [/usr/lib/gcc/x86_64-pc-cygwin/12/../../../../lib/../include/w32api]
  end of search list found
  collapse include dir [/usr/lib/gcc/x86_64-pc-cygwin/12/include/c++] ==> [/usr/lib/gcc/x86_64-pc-cygwin/12/include/c++]
  collapse include dir [/usr/lib/gcc/x86_64-pc-cygwin/12/include/c++/x86_64-pc-cygwin] ==> [/usr/lib/gcc/x86_64-pc-cygwin/12/include/c++/x86_64-pc-cygwin]
  collapse include dir [/usr/lib/gcc/x86_64-pc-cygwin/12/include/c++/backward] ==> [/usr/lib/gcc/x86_64-pc-cygwin/12/include/c++/backward]
  collapse include dir [/usr/lib/gcc/x86_64-pc-cygwin/12/include] ==> [/usr/lib/gcc/x86_64-pc-cygwin/12/include]
  collapse include dir [/usr/include] ==> [/usr/include]
  collapse include dir [/usr/lib/gcc/x86_64-pc-cygwin/12/../../../../lib/../include/w32api] ==> [/usr/include/w32api]
  implicit include dirs: [/usr/lib/gcc/x86_64-pc-cygwin/12/include/c++;/usr/lib/gcc/x86_64-pc-cygwin/12/include/c++/x86_64-pc-cygwin;/usr/lib/gcc/x86_64-pc-cygwin/12/include/c++/backward;/usr/lib/gcc/x86_64-pc-cygwin/12/include;/usr/include;/usr/include/w32api]


Parsed CXX implicit link information from above output:
  link line regex: [^( *|.*[/\])(ld\.exe|CMAKE_LINK_STARTFILE-NOTFOUND|([^/\]+-)?ld|collect2)[^/\]*( |$)]
  ignore line: [Change Dir: /cygdrive/c/Users/benja/OneDrive/Bureau/UchicagoMSFM/advanced_computing/AdvancedComputingProject/Phase5-HFT-order-book/order_book/build/CMakeFiles/CMakeTmp]
  ignore line: []
  ignore line: [Run Build Command(s):/usr/bin/make.exe -f Makefile cmTC_ef179/fast && /usr/bin/make  -f CMakeFiles/cmTC_ef179.dir/build.make CMakeFiles/cmTC_ef179.dir/build]
  ignore line: [make[1]: Entering directory '/cygdrive/c/Users/benja/OneDrive/Bureau/UchicagoMSFM/advanced_computing/AdvancedComputingProject/Phase5-HFT-order-book/order_book/build/CMakeFiles/CMakeTmp']
  ignore line: [Building CXX object CMakeFiles/cmTC_ef179.dir/CMakeCXXCompilerABI.cpp.o]
  ignore line: [/usr/bin/c++.exe   -v -o CMakeFiles/cmTC_ef179.dir/CMakeCXXCompilerABI.cpp.o -c /usr/share/cmake-3.23.2/Modules/CMakeCXXCompilerABI.cpp]
  ignore line: [Using built-in specs.]
  ignore line: [COLLECT_GCC=/usr/bin/c++]
  ignore line: [Target: x86_64-pc-cygwin]
  ignore line: [Configured with: /mnt/share/cygpkgs/gcc/gcc.x86_64/src/gcc-12.4.0/configure --srcdir=/mnt/share/cygpkgs/gcc/gcc.x86_64/src/gcc-12.4.0 --prefix=/usr --exec-prefix=/usr --localstatedir=/var --sysconfdir=/etc --docdir=/usr/share/doc/gcc --htmldir=/usr/share/doc/gcc/html -C --build=x86_64-pc-cygwin --host=x86_64-pc-cygwin --target=x86_64-pc-cygwin --without-libiconv-prefix --without-libintl-prefix --libexecdir=/usr/lib --with-gcc-major-version-only --enable-shared --enable-shared-libgcc --enable-static --enable-version-specific-runtime-libs --enable-bootstrap --enable-__cxa_atexit --enable-clocale=newlib --with-dwarf2 --with-tune=generic --enable-languages=ada,c,c++,fortran,lto,objc,obj-c++,jit --enable-graphite --enable-threads=posix --enable-libatomic --enable-libgomp --enable-libquadmath --enable-libquadmath-support --disable-libssp --enable-libada --disable-symvers --disable-multilib --with-gnu-ld --with-gnu-as --with-cloog-include=/usr/include/cloog-isl --without-libiconv-prefix --without-libintl-prefix --with-system-zlib --enable-linker-build-id --with-default-libstdcxx-abi=gcc4-compatible --enable-libstdcxx-filesystem-ts]
  ignore line: [Thread model: posix]
  ignore line: [Supported LTO compression algorithms: zlib zstd]
  ignore line: [gcc version 12.4.0 (GCC) ]
  ignore line: [COLLECT_GCC_OPTIONS='-v' '-o' 'CMakeFiles/cmTC_ef179.dir/CMakeCXXCompilerABI.cpp.o' '-c' '-shared-libgcc' '-mtune=generic' '-march=x86-64' '-dumpdir' 'CMakeFiles/cmTC_ef179.dir/']
  ignore line: [ /usr/lib/gcc/x86_64-pc-cygwin/12/cc1plus.exe -quiet -v -idirafter /usr/lib/gcc/x86_64-pc-cygwin/12/../../../../lib/../include/w32api -idirafter /usr/lib/gcc/x86_64-pc-cygwin/12/../../../../x86_64-pc-cygwin/lib/../lib/../../include/w32api /usr/share/cmake-3.23.2/Modules/CMakeCXXCompilerABI.cpp -quiet -dumpdir CMakeFiles/cmTC_ef179.dir/ -dumpbase CMakeCXXCompilerABI.cpp.cpp -dumpbase-ext .cpp -mtune=generic -march=x86-64 -version -o /tmp/ccqXdEu6.s]
  ignore line: [GNU C++17 (GCC) version 12.4.0 (x86_64-pc-cygwin)]
  ignore line: [	compiled by GNU C version 12.4.0  GMP version 6.3.0  MPFR version 4.2.1  MPC version 1.3.1  isl version isl-0.27-GMP]
  ignore line: []
  ignore line: [warning: MPFR header version 4.2.1 differs from library version 4.2.2.]
  ignore line: [GGC heuristics: --param ggc-min-expand=100 --param ggc-min-heapsize=131072]
  ignore line: [ignoring nonexistent directory "/usr/local/include"]
  ignore line: [ignoring nonexistent directory "/usr/lib/gcc/x86_64-pc-cygwin/12/include-fixed"]
  ignore line: [ignoring nonexistent directory "/usr/lib/gcc/x86_64-pc-cygwin/12/../../../../x86_64-pc-cygwin/include"]
  ignore line: [ignoring duplicate directory "/usr/lib/gcc/x86_64-pc-cygwin/12/../../../../x86_64-pc-cygwin/lib/../lib/../../include/w32api"]
  ignore line: [#include "..." search starts here:]
  ignore line: [#include <...> search starts here:]
  ignore line: [ /usr/lib/gcc/x86_64-pc-cygwin/12/include/c++]
  ignore line: [ /usr/lib/gcc/x86_64-pc-cygwin/12/include/c++/x86_64-pc-cygwin]
  ignore line: [ /usr/lib/gcc/x86_64-pc-cygwin/12/include/c++/backward]
  ignore line: [ /usr/lib/gcc/x86_64-pc-cygwin/12/include]
  ignore line: [ /usr/include]
  ignore line: [ /usr/lib/gcc/x86_64-pc-cygwin/12/../../../../lib/../include/w32api]
  ignore line: [End of search list.]
  ignore line: [GNU C++17 (GCC) version 12.4.0 (x86_64-pc-cygwin)]
  ignore line: [	compiled by GNU C version 12.4.0  GMP version 6.3.0  MPFR version 4.2.1  MPC version 1.3.1  isl version isl-0.27-GMP]
  ignore line: []
  ignore line: [warning: MPFR header version 4.2.1 differs from library version 4.2.2.]
  ignore line: [GGC heuristics: --param ggc-min-expand=100 --param ggc-min-heapsize=131072]
  ignore line: [Compiler executable checksum: 9ecc0194ba11543c2f7c060e39f2627b]
  ignore line: [COLLECT_GCC_OPTIONS='-v' '-o' 'CMakeFiles/cmTC_ef179.dir/CMakeCXXCompilerABI.cpp.o' '-c' '-shared-libgcc' '-mtune=generic' '-march=x86-64' '-dumpdir' 'CMakeFiles/cmTC_ef179.dir/']
  ignore line: [ /usr/lib/gcc/x86_64-pc-cygwin/12/../../../../x86_64-pc-cygwin/bin/as.exe -v -o CMakeFiles/cmTC_ef179.dir/CMakeCXXCompilerABI.cpp.o /tmp/ccqXdEu6.s]
  ignore line: [GNU assembler version 2.44 (x86_64-pc-cygwin) using BFD version (GNU Binutils) 2.44]
  ignore line: [COMPILER_PATH=/usr/lib/gcc/x86_64-pc-cygwin/12/:/usr/lib/gcc/x86_64-pc-cygwin/12/:/usr/lib/gcc/x86_64-pc-cygwin/:/usr/lib/gcc/x86_64-pc-cygwin/12/:/usr/lib/gcc/x86_64-pc-cygwin/:/usr/lib/gcc/x86_64-pc-cygwin/12/../../../../x86_64-pc-cygwin/bin/]
  ignore line: [LIBRARY_PATH=/usr/lib/gcc/x86_64-pc-cygwin/12/:/usr/lib/gcc/x86_64-pc-cygwin/12/../../../../x86_64-pc-cygwin/lib/../lib/:/usr/lib/gcc/x86_64-pc-cygwin/12/../../../../lib/:/lib/../lib/:/usr/lib/../lib/:/usr/lib/gcc/x86_64-pc-cygwin/12/../../../../x86_64-pc-cygwin/lib/:/usr/lib/gcc/x86_64-pc-cygwin/12/../../../:/lib/:/usr/lib/]
  ignore line: [COLLECT_GCC_OPTIONS='-v' '-o' 'CMakeFiles/cmTC_ef179.dir/CMakeCXXCompilerABI.cpp.o' '-c' '-shared-libgcc' '-mtune=generic' '-march=x86-64' '-dumpdir' 'CMakeFiles/cmTC_ef179.dir/CMakeCXXCompilerABI.cpp.']
  ignore line: [Linking CXX executable cmTC_ef179.exe]
  ignore line: [/usr/bin/cmake.exe -E cmake_link_script CMakeFiles/cmTC_ef179.dir/link.txt --verbose=1]
  ignore line: [/usr/bin/c++.exe -Wl --enable-auto-import -v CMakeFiles/cmTC_ef179.dir/CMakeCXXCompilerABI.cpp.o -o cmTC_ef179.exe -Wl --out-implib libcmTC_ef179.dll.a -Wl --major-image-version 0 --minor-image-version 0 ]
  ignore line: [Using built-in specs.]
  ignore line: [COLLECT_GCC=/usr/bin/c++]
  ignore line: [COLLECT_LTO_WRAPPER=/usr/lib/gcc/x86_64-pc-cygwin/12/lto-wrapper.exe]
  ignore line: [Target: x86_64-pc-cygwin]
  ignore line: [Configured with: /mnt/share/cygpkgs/gcc/gcc.x86_64/src/gcc-12.4.0/configure --srcdir=/mnt/share/cygpkgs/gcc/gcc.x86_64/src/gcc-12.4.0 --prefix=/usr --exec-prefix=/usr --localstatedir=/var --sysconfdir=/etc --docdir=/usr/share/doc/gcc --htmldir=/usr/share/doc/gcc/html -C --build=x86_64-pc-cygwin --host=x86_64-pc-cygwin --target=x86_64-pc-cygwin --without-libiconv-prefix --without-libintl-prefix --libexecdir=/usr/lib --with-gcc-major-version-only --enable-shared --enable-shared-libgcc --enable-static --enable-version-specific-runtime-libs --enable-bootstrap --enable-__cxa_atexit --enable-clocale=newlib --with-dwarf2 --with-tune=generic --enable-languages=ada,c,c++,fortran,lto,objc,obj-c++,jit --enable-graphite --enable-threads=posix --enable-libatomic --enable-libgomp --enable-libquadmath --enable-libquadmath-support --disable-libssp --enable-libada --disable-symvers --disable-multilib --with-gnu-ld --with-gnu-as --with-cloog-include=/usr/include/cloog-isl --without-libiconv-prefix --without-libintl-prefix --with-system-zlib --enable-linker-build-id --with-default-libstdcxx-abi=gcc4-compatible --enable-libstdcxx-filesystem-ts]
  ignore line: [Thread model: posix]
  ignore line: [Supported LTO compression algorithms: zlib zstd]
  ignore line: [gcc version 12.4.0 (GCC) ]
  ignore line: [COMPILER_PATH=/usr/lib/gcc/x86_64-pc-cygwin/12/:/usr/lib/gcc/x86_64-pc-cygwin/12/:/usr/lib/gcc/x86_64-pc-cygwin/:/usr/lib/gcc/x86_64-pc-cygwin/12/:/usr/lib/gcc/x86_64-pc-cygwin/:/usr/lib/gcc/x86_64-pc-cygwin/12/../../../../x86_64-pc-cygwin/bin/]
  ignore line: [LIBRARY_PATH=/usr/lib/gcc/x86_64-pc-cygwin/12/:/usr/lib/gcc/x86_64-pc-cygwin/12/../../../../x86_64-pc-cygwin/lib/../lib/:/usr/lib/gcc/x86_64-pc-cygwin/12/../../../../lib/:/lib/../lib/:/usr/lib/../lib/:/usr/lib/gcc/x86_64-pc-cygwin/12/../../../../x86_64-pc-cygwin/lib/:/usr/lib/gcc/x86_64-pc-cygwin/12/../../../:/lib/:/usr/lib/]
  ignore line: [COLLECT_GCC_OPTIONS='-v' '-o' 'cmTC_ef179.exe' '-shared-libgcc' '-mtune=generic' '-march=x86-64' '-dumpdir' 'cmTC_ef179.']
  link line: [ /usr/lib/gcc/x86_64-pc-cygwin/12/collect2.exe -plugin /usr/lib/gcc/x86_64-pc-cygwin/12/cyglto_plugin.dll -plugin-opt=/usr/lib/gcc/x86_64-pc-cygwin/12/lto-wrapper.exe -plugin-opt=-fresolution=/tmp/cctWroy8.res -plugin-opt=-pass-through=-lgcc_s -plugin-opt=-pass-through=-lgcc -plugin-opt=-pass-through=-lcygwin -plugin-opt=-pass-through=-ladvapi32 -plugin-opt=-pass-through=-lshell32 -plugin-opt=-pass-through=-luser32 -plugin-opt=-pass-through=-lkernel32 -plugin-opt=-pass-through=-lgcc_s -plugin-opt=-pass-through=-lgcc --build-id -m i386pep --wrap _Znwm --wrap _Znam --wrap _ZdlPv --wrap _ZdaPv --wrap _ZnwmRKSt9nothrow_t --wrap _ZnamRKSt9nothrow_t --wrap _ZdlPvRKSt9nothrow_t --wrap _ZdaPvRKSt9nothrow_t -Bdynamic --dll-search-prefix=cyg --tsaware -o cmTC_ef179.exe /usr/lib/gcc/x86_64-pc-cygwin/12/../../../../lib/crt0.o /usr/lib/gcc/x86_64-pc-cygwin/12/crtbegin.o -L/usr/lib/gcc/x86_64-pc-cygwin/12 -L/usr/lib/gcc/x86_64-pc-cygwin/12/../../../../x86_64-pc-cygwin/lib/../lib -L/usr/lib/gcc/x86_64-pc-cygwin/12/../../../../lib -L/lib/../lib -L/usr/lib/../lib -L/usr/lib/gcc/x86_64-pc-cygwin/12/../../../../x86_64-pc-cygwin/lib -L/usr/lib/gcc/x86_64-pc-cygwin/12/../../.. --enable-auto-import CMakeFiles/cmTC_ef179.dir/CMakeCXXCompilerABI.cpp.o --out-implib libcmTC_ef179.dll.a --major-image-version 0 --minor-image-version 0 -lstdc++ -lgcc_s -lgcc -lcygwin -ladvapi32 -lshell32 -luser32 -lkernel32 -lgcc_s -lgcc /usr/lib/gcc/x86_64-pc-cygwin/12/../../../../lib/default-manifest.o /usr/lib/gcc/x86_64-pc-cygwin/12/crtend.o]
    arg [/usr/lib/gcc/x86_64-pc-cygwin/12/collect2.exe] ==> ignore
    arg [-plugin] ==> ignore
    arg [/usr/lib/gcc/x86_64-pc-cygwin/12/cyglto_plugin.dll] ==> ignore
    arg [-plugin-opt=/usr/lib/gcc/x86_64-pc-cygwin/12/lto-wrapper.exe] ==> ignore
    arg [-plugin-opt=-fresolution=/tmp/cctWroy8.res] ==> ignore
    arg [-plugin-opt=-pass-through=-lgcc_s] ==> ignore
    arg [-plugin-opt=-pass-through=-lgcc] ==> ignore
    arg [-plugin-opt=-pass-through=-lcygwin] ==> ignore
    arg [-plugin-opt=-pass-through=-ladvapi32] ==> ignore
    arg [-plugin-opt=-pass-through=-lshell32] ==> ignore
    arg [-plugin-opt=-pass-through=-luser32] ==> ignore
    arg [-plugin-opt=-pass-through=-lkernel32] ==> ignore
    arg [-plugin-opt=-pass-through=-lgcc_s] ==> ignore
    arg [-plugin-opt=-pass-through=-lgcc] ==> ignore
    arg [--build-id] ==> ignore
    arg [-m] ==> ignore
    arg [i386pep] ==> ignore
    arg [--wrap] ==> ignore
    arg [_Znwm] ==> ignore
    arg [--wrap] ==> ignore
    arg [_Znam] ==> ignore
    arg [--wrap] ==> ignore
    arg [_ZdlPv] ==> ignore
    arg [--wrap] ==> ignore
    arg [_ZdaPv] ==> ignore
    arg [--wrap] ==> ignore
    arg [_ZnwmRKSt9nothrow_t] ==> ignore
    arg [--wrap] ==> ignore
    arg [_ZnamRKSt9nothrow_t] ==> ignore
    arg [--wrap] ==> ignore
    arg [_ZdlPvRKSt9nothrow_t] ==> ignore
    arg [--wrap] ==> ignore
    arg [_ZdaPvRKSt9nothrow_t] ==> ignore
    arg [-Bdynamic] ==> search dynamic
    arg [--dll-search-prefix=cyg] ==> ignore
    arg [--tsaware] ==> ignore
    arg [-o] ==> ignore
    arg [cmTC_ef179.exe] ==> ignore
    arg [/usr/lib/gcc/x86_64-pc-cygwin/12/../../../../lib/crt0.o] ==> obj [/usr/lib/gcc/x86_64-pc-cygwin/12/../../../../lib/crt0.o]
    arg [/usr/lib/gcc/x86_64-pc-cygwin/12/crtbegin.o] ==> obj [/usr/lib/gcc/x86_64-pc-cygwin/12/crtbegin.o]
    arg [-L/usr/lib/gcc/x86_64-pc-cygwin/12] ==> dir [/usr/lib/gcc/x86_64-pc-cygwin/12]
    arg [-L/usr/lib/gcc/x86_64-pc-cygwin/12/../../../../x86_64-pc-cygwin/lib/../lib] ==> dir [/usr/lib/gcc/x86_64-pc-cygwin/12/../../../../x86_64-pc-cygwin/lib/../lib]
    arg [-L/usr/lib/gcc/x86_64-pc-cygwin/12/../../../../lib] ==> dir [/usr/lib/gcc/x86_64-pc-cygwin/12/../../../../lib]
    arg [-L/lib/../lib] ==> dir [/lib/../lib]
    arg [-L/usr/lib/../lib] ==> dir [/usr/lib/../lib]
    arg [-L/usr/lib/gcc/x86_64-pc-cygwin/12/../../../../x86_64-pc-cygwin/lib] ==> dir [/usr/lib/gcc/x86_64-pc-cygwin/12/../../../../x86_64-pc-cygwin/lib]
    arg [-L/usr/lib/gcc/x86_64-pc-cygwin/12/../../..] ==> dir [/usr/lib/gcc/x86_64-pc-cygwin/12/../../..]
    arg [--enable-auto-import] ==> ignore
    arg [CMakeFiles/cmTC_ef179.dir/CMakeCXXCompilerABI.cpp.o] ==> ignore
    arg [--out-implib] ==> ignore
    arg [libcmTC_ef179.dll.a] ==> ignore
    arg [--major-image-version] ==> ignore
    arg [0] ==> ignore
    arg [--minor-image-version] ==> ignore
    arg [0] ==> ignore
    arg [-lstdc++] ==> lib [stdc++]
    arg [-lgcc_s] ==> lib [gcc_s]
    arg [-lgcc] ==> lib [gcc]
    arg [-lcygwin] ==> lib [cygwin]
    arg [-ladvapi32] ==> lib [advapi32]
    arg [-lshell32] ==> lib [shell32]
    arg [-luser32] ==> lib [user32]
    arg [-lkernel32] ==> lib [kernel32]
    arg [-lgcc_s] ==> lib [gcc_s]
    arg [-lgcc] ==> lib [gcc]
    arg [/usr/lib/gcc/x86_64-pc-cygwin/12/../../../../lib/default-manifest.o] ==> obj [/usr/lib/gcc/x86_64-pc-cygwin/12/../../../../lib/default-manifest.o]
    arg [/usr/lib/gcc/x86_64-pc-cygwin/12/crtend.o] ==> obj [/usr/lib/gcc/x86_64-pc-cygwin/12/crtend.o]
  collapse obj [/usr/lib/gcc/x86_64-pc-cygwin/12/../../../../lib/crt0.o] ==> [/usr/lib/crt0.o]
  collapse obj [/usr/lib/gcc/x86_64-pc-cygwin/12/../../../../lib/default-manifest.o] ==> [/usr/lib/default-manifest.o]
  collapse library dir [/usr/lib/gcc/x86_64-pc-cygwin/12] ==> [/usr/lib/gcc/x86_64-pc-cygwin/12]
  collapse library dir [/usr/lib/gcc/x86_64-pc-cygwin/12/../../../../x86_64-pc-cygwin/lib/../lib] ==> [/usr/x86_64-pc-cygwin/lib]
  collapse library dir [/usr/lib/gcc/x86_64-pc-cygwin/12/../../../../lib] ==> [/usr/lib]
  collapse library dir [/lib/../lib] ==> [/lib]
  collapse library dir [/usr/lib/../lib] ==> [/usr/lib]
  collapse library dir [/usr/lib/gcc/x86_64-pc-cygwin/12/../../../../x86_64-pc-cygwin/lib] ==> [/usr/x86_64-pc-cygwin/lib]
  collapse library dir [/usr/lib/gcc/x86_64-pc-cygwin/12/../../..] ==> [/usr/lib]
  implicit libs: [stdc++;gcc_s;gcc;cygwin;advapi32;shell32;user32;kernel32;gcc_s;gcc]
  implicit objs: [/usr/lib/crt0.o;/usr/lib/gcc/x86_64-pc-cygwin/12/crtbegin.o;/usr/lib/default-manifest.o;/usr/lib/gcc/x86_64-pc-cygwin/12/crtend.o]
  implicit dirs: [/usr/lib/gcc/x86_64-pc-cygwin/12;/usr/x86_64-pc-cygwin/lib;/usr/lib;/lib]
  implicit fwks: []


